<?xml version="1.0" encoding="UTF-8"?>
<testng-results ignored="0" total="1" passed="1" failed="0" skipped="0">
  <reporter-output>
    <line>
      <![CDATA[no of rows are10]]>
    </line>
    <line>
      <![CDATA[Login succes  dashboard     http://orangehrm.qedgetech.com/symfony/web/index.php/dashboard]]>
    </line>
    <line>
      <![CDATA[Invalid credentials    dashboard     http://orangehrm.qedgetech.com/symfony/web/index.php/auth/validateCredentials]]>
    </line>
    <line>
      <![CDATA[Invalid credentials    dashboard     http://orangehrm.qedgetech.com/symfony/web/index.php/auth/validateCredentials]]>
    </line>
    <line>
      <![CDATA[Login succes  dashboard     http://orangehrm.qedgetech.com/symfony/web/index.php/dashboard]]>
    </line>
    <line>
      <![CDATA[Username cannot be empty    dashboard     http://orangehrm.qedgetech.com/symfony/web/index.php/auth/login]]>
    </line>
    <line>
      <![CDATA[Login succes  dashboard     http://orangehrm.qedgetech.com/symfony/web/index.php/dashboard]]>
    </line>
    <line>
      <![CDATA[Password cannot be empty    dashboard     http://orangehrm.qedgetech.com/symfony/web/index.php/auth/login]]>
    </line>
    <line>
      <![CDATA[Login succes  dashboard     http://orangehrm.qedgetech.com/symfony/web/index.php/dashboard]]>
    </line>
    <line>
      <![CDATA[Username cannot be empty    dashboard     http://orangehrm.qedgetech.com/symfony/web/index.php/auth/login]]>
    </line>
    <line>
      <![CDATA[Login succes  dashboard     http://orangehrm.qedgetech.com/symfony/web/index.php/dashboard]]>
    </line>
  </reporter-output>
  <suite started-at="2023-01-19T14:12:06 IST" name="Default suite" finished-at="2023-01-19T14:12:38 IST" duration-ms="31345">
    <groups>
    </groups>
    <test started-at="2023-01-19T14:12:06 IST" name="Default test" finished-at="2023-01-19T14:12:38 IST" duration-ms="31345">
      <class name="driverFactory.DriverScript">
        <test-method is-config="true" signature="setup()[pri:0, instance:driverFactory.DriverScript@11392934]" started-at="2023-01-19T14:12:06 IST" name="setup" finished-at="2023-01-19T14:12:11 IST" duration-ms="4629" status="PASS">
          <reporter-output>
          </reporter-output>
        </test-method> <!-- setup -->
        <test-method signature="Starttest()[pri:0, instance:driverFactory.DriverScript@11392934]" started-at="2023-01-19T14:12:11 IST" name="Starttest" finished-at="2023-01-19T14:12:37 IST" duration-ms="26180" status="PASS">
          <reporter-output>
            <line>
              <![CDATA[no of rows are10]]>
            </line>
            <line>
              <![CDATA[Login succes  dashboard     http://orangehrm.qedgetech.com/symfony/web/index.php/dashboard]]>
            </line>
            <line>
              <![CDATA[Invalid credentials    dashboard     http://orangehrm.qedgetech.com/symfony/web/index.php/auth/validateCredentials]]>
            </line>
            <line>
              <![CDATA[Invalid credentials    dashboard     http://orangehrm.qedgetech.com/symfony/web/index.php/auth/validateCredentials]]>
            </line>
            <line>
              <![CDATA[Login succes  dashboard     http://orangehrm.qedgetech.com/symfony/web/index.php/dashboard]]>
            </line>
            <line>
              <![CDATA[Username cannot be empty    dashboard     http://orangehrm.qedgetech.com/symfony/web/index.php/auth/login]]>
            </line>
            <line>
              <![CDATA[Login succes  dashboard     http://orangehrm.qedgetech.com/symfony/web/index.php/dashboard]]>
            </line>
            <line>
              <![CDATA[Password cannot be empty    dashboard     http://orangehrm.qedgetech.com/symfony/web/index.php/auth/login]]>
            </line>
            <line>
              <![CDATA[Login succes  dashboard     http://orangehrm.qedgetech.com/symfony/web/index.php/dashboard]]>
            </line>
            <line>
              <![CDATA[Username cannot be empty    dashboard     http://orangehrm.qedgetech.com/symfony/web/index.php/auth/login]]>
            </line>
            <line>
              <![CDATA[Login succes  dashboard     http://orangehrm.qedgetech.com/symfony/web/index.php/dashboard]]>
            </line>
          </reporter-output>
        </test-method> <!-- Starttest -->
        <test-method is-config="true" signature="teardown()[pri:0, instance:driverFactory.DriverScript@11392934]" started-at="2023-01-19T14:12:37 IST" name="teardown" finished-at="2023-01-19T14:12:38 IST" duration-ms="458" status="PASS">
          <reporter-output>
          </reporter-output>
        </test-method> <!-- teardown -->
      </class> <!-- driverFactory.DriverScript -->
    </test> <!-- Default test -->
  </suite> <!-- Default suite -->
</testng-results>
